<?xml version="1.0" encoding="UTF-8" ?>
<testsuite tests="45" failures="0" name="at.fhj.iit.StringQueueTest" time="2.73" errors="0" skipped="0">
  <properties>
    <property name="java.runtime.name" value="Java(TM) SE Runtime Environment"/>
    <property name="java.vm.version" value="11+28"/>
    <property name="sun.boot.library.path" value="C:\Program Files\Java\jdk-11\bin"/>
    <property name="maven.multiModuleProjectDirectory" value="C:/Users/Thomas/IdeaProjects/19-Abgabe04-Reisinger-Pretterhofer"/>
    <property name="java.vm.vendor" value="Oracle Corporation"/>
    <property name="java.vendor.url" value="http://java.oracle.com/"/>
    <property name="guice.disable.misplaced.annotation.check" value="true"/>
    <property name="path.separator" value=";"/>
    <property name="java.vm.name" value="Java HotSpot(TM) 64-Bit Server VM"/>
    <property name="sun.os.patch.level" value="Service Pack 1"/>
    <property name="user.script" value=""/>
    <property name="user.country" value="AT"/>
    <property name="sun.java.launcher" value="SUN_STANDARD"/>
    <property name="java.vm.specification.name" value="Java Virtual Machine Specification"/>
    <property name="user.dir" value="C:\Users\Thomas\IdeaProjects\19-Abgabe04-Reisinger-Pretterhofer"/>
    <property name="java.vm.compressedOopsMode" value="Zero based"/>
    <property name="java.runtime.version" value="11+28"/>
    <property name="java.awt.graphicsenv" value="sun.awt.Win32GraphicsEnvironment"/>
    <property name="os.arch" value="amd64"/>
    <property name="java.io.tmpdir" value="C:\Users\Thomas\AppData\Local\Temp\"/>
    <property name="line.separator" value="
"/>
    <property name="java.vm.specification.vendor" value="Oracle Corporation"/>
    <property name="user.variant" value=""/>
    <property name="os.name" value="Windows 7"/>
    <property name="classworlds.conf" value="C:/Program Files/apache-maven-3.6.0/bin/m2.conf"/>
    <property name="sun.jnu.encoding" value="Cp1252"/>
    <property name="java.library.path" value="C:\Program Files\Java\jdk-11\bin;C:\Windows\Sun\Java\bin;C:\Windows\system32;C:\Windows;C:\Users\Thomas\bin;C:\Program Files\Git\mingw64\bin;C:\Program Files\Git\usr\local\bin;C:\Program Files\Git\usr\bin;C:\Program Files\Git\usr\bin;C:\Program Files\Git\mingw64\bin;C:\Program Files\Git\usr\bin;C:\Users\Thomas\bin;C:\Program Files (x86)\Intel\iCLS Client;C:\Program Files\Intel\iCLS Client;C:\Program Files\Dell\DW WLAN Card;C:\Windows\system32;C:\Windows;C:\Windows\System32\Wbem;C:\Windows\System32\WindowsPowerShell\v1.0;C:\Program Files\WIDCOMM\Bluetooth Software;C:\Program Files\WIDCOMM\Bluetooth Software\syswow64;C:\Program Files\Dell\Dell Data Protection\Drivers\TSS\bin;C:\Program Files (x86)\Intel\UCRT;C:\Program Files\Intel\UCRT;C:\Program Files (x86)\Intel\Intel(R) Management Engine Components\DAL;C:\Program Files\Intel\Intel(R) Management Engine Components\DAL;C:\Program Files (x86)\Intel\Intel(R) Management Engine Components\IPT;C:\Program Files\Intel\Intel(R) Management Engine Components\IPT;C:\Program Files (x86)\AMD\ATI.ACE\Core-Static;C:\cygwin64\bin;C:\Program Files\PuTTY;C:\Program Files (x86)\Wolfram Research\WolframScript;C:\Program Files\apache-ant-1.10.5\bin;C:\Program Files\apache-maven-3.6.0\bin;C:\Program Files\Java\jdk-11\bin;C:\Program Files\Git\cmd;C:\Users\Thomas\AppData\Local\atom\bin;C:\Users\Thomas\AppData\Local\Programs\Microsoft VS Code\bin;C:\Program Files\JetBrains\IntelliJ IDEA 2018.3.5\bin;C:\Program Files\Git\usr\bin\vendor_perl;C:\Program Files\Git\usr\bin\core_perl;."/>
    <property name="maven.conf" value="C:/Program Files/apache-maven-3.6.0/conf"/>
    <property name="jdk.debug" value="release"/>
    <property name="java.class.version" value="55.0"/>
    <property name="java.specification.name" value="Java Platform API Specification"/>
    <property name="sun.management.compiler" value="HotSpot 64-Bit Tiered Compilers"/>
    <property name="os.version" value="6.1"/>
    <property name="library.jansi.path" value="C:/Program Files/apache-maven-3.6.0/lib/jansi-native"/>
    <property name="user.home" value="C:\Users\Thomas"/>
    <property name="user.timezone" value="Europe/Berlin"/>
    <property name="java.awt.printerjob" value="sun.awt.windows.WPrinterJob"/>
    <property name="file.encoding" value="Cp1252"/>
    <property name="java.specification.version" value="11"/>
    <property name="user.name" value="Thomas"/>
    <property name="java.class.path" value="C:/Program Files/apache-maven-3.6.0/boot/plexus-classworlds-2.5.2.jar"/>
    <property name="java.vm.specification.version" value="11"/>
    <property name="sun.arch.data.model" value="64"/>
    <property name="sun.java.command" value="org.codehaus.plexus.classworlds.launcher.Launcher package"/>
    <property name="java.home" value="C:\Program Files\Java\jdk-11"/>
    <property name="user.language" value="de"/>
    <property name="java.specification.vendor" value="Oracle Corporation"/>
    <property name="awt.toolkit" value="sun.awt.windows.WToolkit"/>
    <property name="java.vm.info" value="mixed mode"/>
    <property name="java.version" value="11"/>
    <property name="java.vendor" value="Oracle Corporation"/>
    <property name="maven.home" value="C:\Program Files\apache-maven-3.6.0"/>
    <property name="file.separator" value="\"/>
    <property name="java.version.date" value="2018-09-25"/>
    <property name="java.vendor.url.bug" value="http://bugreport.java.com/bugreport/"/>
    <property name="sun.io.unicode.encoding" value="UnicodeLittle"/>
    <property name="sun.cpu.endian" value="little"/>
    <property name="java.vendor.version" value="18.9"/>
    <property name="sun.desktop" value="windows"/>
    <property name="sun.cpu.isalist" value="amd64"/>
  </properties>
  <testcase classname="at.fhj.iit.StringQueueTest" name="testOfferMaxSizeBig" time="1.77"/>
  <testcase classname="at.fhj.iit.StringQueueTest" name="testOneStringWithPoll1Big" time="0"/>
  <testcase classname="at.fhj.iit.StringQueueTest" name="testOneStringWithPoll2Big" time="0"/>
  <testcase classname="at.fhj.iit.StringQueueTest" name="testPeekIsNullBig" time="0"/>
  <testcase classname="at.fhj.iit.StringQueueTest" name="testSequenceRemoveWithNumbers1Big" time="0.26"/>
  <testcase classname="at.fhj.iit.StringQueueTest" name="testSequenceRemoveWithNumbers2Big" time="0.14"/>
  <testcase classname="at.fhj.iit.StringQueueTest" name="testSequenceRemoveWithStrings" time="0.02"/>
  <testcase classname="at.fhj.iit.StringQueueTest" name="testOfferMaxSize" time="0"/>
  <testcase classname="at.fhj.iit.StringQueueTest" name="testSequencePollWithStrings" time="0.02"/>
  <testcase classname="at.fhj.iit.StringQueueTest" name="testPollIsNull" time="0"/>
  <testcase classname="at.fhj.iit.StringQueueTest" name="testSequencePollWithNumbers1" time="0"/>
  <testcase classname="at.fhj.iit.StringQueueTest" name="testSequencePollWithNumbers2" time="0"/>
  <testcase classname="at.fhj.iit.StringQueueTest" name="testOneStringWithElement1Big" time="0.01"/>
  <testcase classname="at.fhj.iit.StringQueueTest" name="testOneStringWithElement2Big" time="0"/>
  <testcase classname="at.fhj.iit.StringQueueTest" name="testPeekIsNull" time="0"/>
  <testcase classname="at.fhj.iit.StringQueueTest" name="testPollIsNullBig" time="0"/>
  <testcase classname="at.fhj.iit.StringQueueTest" name="testElementIsNullBig" time="0"/>
  <testcase classname="at.fhj.iit.StringQueueTest" name="testRemoveFromEmptyQueue" time="0"/>
  <testcase classname="at.fhj.iit.StringQueueTest" name="testSeveralStringsWithElementBig" time="0.07"/>
  <testcase classname="at.fhj.iit.StringQueueTest" name="testSequencePollWithStringsBig" time="0.1"/>
  <testcase classname="at.fhj.iit.StringQueueTest" name="testSequenceRemoveWithNumbers1" time="0"/>
  <testcase classname="at.fhj.iit.StringQueueTest" name="testSequenceRemoveWithNumbers2" time="0.01"/>
  <testcase classname="at.fhj.iit.StringQueueTest" name="testSeveralStringsWithPeek" time="0"/>
  <testcase classname="at.fhj.iit.StringQueueTest" name="testMaxSizeTooLow1" time="0"/>
  <testcase classname="at.fhj.iit.StringQueueTest" name="testMaxSizeTooLow2" time="0"/>
  <testcase classname="at.fhj.iit.StringQueueTest" name="testRemoveFromEmptyQueueBig" time="0"/>
  <testcase classname="at.fhj.iit.StringQueueTest" name="testElementIsNull" time="0.01"/>
  <testcase classname="at.fhj.iit.StringQueueTest" name="testOneStringWithRemove2Big" time="0"/>
  <testcase classname="at.fhj.iit.StringQueueTest" name="testSequencePollWithNumbers1Big" time="0.08"/>
  <testcase classname="at.fhj.iit.StringQueueTest" name="testSequencePollWithNumbers2Big" time="0.07"/>
  <testcase classname="at.fhj.iit.StringQueueTest" name="testDefaultConstructorMaxSize" time="0"/>
  <testcase classname="at.fhj.iit.StringQueueTest" name="testSeveralStringsWithElement" time="0"/>
  <testcase classname="at.fhj.iit.StringQueueTest" name="testOneStringWithPeek1" time="0.01"/>
  <testcase classname="at.fhj.iit.StringQueueTest" name="testOneStringWithPeek2" time="0"/>
  <testcase classname="at.fhj.iit.StringQueueTest" name="testOneStringWithPoll1" time="0"/>
  <testcase classname="at.fhj.iit.StringQueueTest" name="testOneStringWithPoll2" time="0"/>
  <testcase classname="at.fhj.iit.StringQueueTest" name="testSequenceRemoveWithStringsBig" time="0.11"/>
  <testcase classname="at.fhj.iit.StringQueueTest" name="testOneStringWithElement1" time="0.01"/>
  <testcase classname="at.fhj.iit.StringQueueTest" name="testOneStringWithElement2" time="0"/>
  <testcase classname="at.fhj.iit.StringQueueTest" name="testOneStringWithPeek1Big" time="0"/>
  <testcase classname="at.fhj.iit.StringQueueTest" name="testOneStringWithPeek2Big" time="0"/>
  <testcase classname="at.fhj.iit.StringQueueTest" name="testOneStringWithRemove2" time="0"/>
  <testcase classname="at.fhj.iit.StringQueueTest" name="testSeveralStringsWithPeekBig" time="0.03"/>
  <testcase classname="at.fhj.iit.StringQueueTest" name="testOneStringWithRemoveBig" time="0.01"/>
  <testcase classname="at.fhj.iit.StringQueueTest" name="testOneStringWithRemove" time="0"/>
</testsuite>